D:\Source\LearnDemo\MQTTApp\MQTTApp\MQTTAppWeb\wwwroot\scripts\xterm\out\browser\LocalizableStrings.js
D:\Source\LearnDemo\MQTTApp\MQTTApp\MQTTAppWeb\wwwroot\scripts\xterm\out\browser\LocalizableStrings.js.map
D:\Source\LearnDemo\MQTTApp\MQTTApp\MQTTAppWeb\wwwroot\scripts\xterm\out\browser\LocalizableStrings.d.ts
D:\Source\LearnDemo\MQTTApp\MQTTApp\MQTTAppWeb\wwwroot\scripts\xterm\out\browser\LocalizableStrings.d.ts.map
D:\Source\LearnDemo\MQTTApp\MQTTApp\MQTTAppWeb\wwwroot\scripts\xterm\out\browser\services\Services.js
D:\Source\LearnDemo\MQTTApp\MQTTApp\MQTTAppWeb\wwwroot\scripts\xterm\out\browser\services\Services.js.map
D:\Source\LearnDemo\MQTTApp\MQTTApp\MQTTAppWeb\wwwroot\scripts\xterm\out\browser\services\Services.d.ts
D:\Source\LearnDemo\MQTTApp\MQTTApp\MQTTAppWeb\wwwroot\scripts\xterm\out\browser\services\Services.d.ts.map
D:\Source\LearnDemo\MQTTApp\MQTTApp\MQTTAppWeb\wwwroot\scripts\xterm\out\browser\RenderDebouncer.js
D:\Source\LearnDemo\MQTTApp\MQTTApp\MQTTAppWeb\wwwroot\scripts\xterm\out\browser\RenderDebouncer.js.map
D:\Source\LearnDemo\MQTTApp\MQTTApp\MQTTAppWeb\wwwroot\scripts\xterm\out\browser\RenderDebouncer.d.ts
D:\Source\LearnDemo\MQTTApp\MQTTApp\MQTTAppWeb\wwwroot\scripts\xterm\out\browser\RenderDebouncer.d.ts.map
D:\Source\LearnDemo\MQTTApp\MQTTApp\MQTTAppWeb\wwwroot\scripts\xterm\out\browser\Lifecycle.js
D:\Source\LearnDemo\MQTTApp\MQTTApp\MQTTAppWeb\wwwroot\scripts\xterm\out\browser\Lifecycle.js.map
D:\Source\LearnDemo\MQTTApp\MQTTApp\MQTTAppWeb\wwwroot\scripts\xterm\out\browser\Lifecycle.d.ts
D:\Source\LearnDemo\MQTTApp\MQTTApp\MQTTAppWeb\wwwroot\scripts\xterm\out\browser\Lifecycle.d.ts.map
D:\Source\LearnDemo\MQTTApp\MQTTApp\MQTTAppWeb\wwwroot\scripts\xterm\out\browser\ScreenDprMonitor.js
D:\Source\LearnDemo\MQTTApp\MQTTApp\MQTTAppWeb\wwwroot\scripts\xterm\out\browser\ScreenDprMonitor.js.map
D:\Source\LearnDemo\MQTTApp\MQTTApp\MQTTAppWeb\wwwroot\scripts\xterm\out\browser\ScreenDprMonitor.d.ts
D:\Source\LearnDemo\MQTTApp\MQTTApp\MQTTAppWeb\wwwroot\scripts\xterm\out\browser\ScreenDprMonitor.d.ts.map
D:\Source\LearnDemo\MQTTApp\MQTTApp\MQTTAppWeb\wwwroot\scripts\xterm\out\browser\Dom.js
D:\Source\LearnDemo\MQTTApp\MQTTApp\MQTTAppWeb\wwwroot\scripts\xterm\out\browser\Dom.js.map
D:\Source\LearnDemo\MQTTApp\MQTTApp\MQTTAppWeb\wwwroot\scripts\xterm\out\browser\Dom.d.ts
D:\Source\LearnDemo\MQTTApp\MQTTApp\MQTTAppWeb\wwwroot\scripts\xterm\out\browser\Dom.d.ts.map
D:\Source\LearnDemo\MQTTApp\MQTTApp\MQTTAppWeb\wwwroot\scripts\xterm\out\browser\AccessibilityManager.js
D:\Source\LearnDemo\MQTTApp\MQTTApp\MQTTAppWeb\wwwroot\scripts\xterm\out\browser\AccessibilityManager.js.map
D:\Source\LearnDemo\MQTTApp\MQTTApp\MQTTAppWeb\wwwroot\scripts\xterm\out\browser\AccessibilityManager.d.ts
D:\Source\LearnDemo\MQTTApp\MQTTApp\MQTTAppWeb\wwwroot\scripts\xterm\out\browser\AccessibilityManager.d.ts.map
D:\Source\LearnDemo\MQTTApp\MQTTApp\MQTTAppWeb\wwwroot\scripts\xterm\out\browser\Clipboard.js
D:\Source\LearnDemo\MQTTApp\MQTTApp\MQTTAppWeb\wwwroot\scripts\xterm\out\browser\Clipboard.js.map
D:\Source\LearnDemo\MQTTApp\MQTTApp\MQTTAppWeb\wwwroot\scripts\xterm\out\browser\Clipboard.d.ts
D:\Source\LearnDemo\MQTTApp\MQTTApp\MQTTAppWeb\wwwroot\scripts\xterm\out\browser\Clipboard.d.ts.map
D:\Source\LearnDemo\MQTTApp\MQTTApp\MQTTAppWeb\wwwroot\scripts\xterm\out\browser\Color.js
D:\Source\LearnDemo\MQTTApp\MQTTApp\MQTTAppWeb\wwwroot\scripts\xterm\out\browser\Color.js.map
D:\Source\LearnDemo\MQTTApp\MQTTApp\MQTTAppWeb\wwwroot\scripts\xterm\out\browser\Color.d.ts
D:\Source\LearnDemo\MQTTApp\MQTTApp\MQTTAppWeb\wwwroot\scripts\xterm\out\browser\Color.d.ts.map
D:\Source\LearnDemo\MQTTApp\MQTTApp\MQTTAppWeb\wwwroot\scripts\xterm\out\browser\ColorContrastCache.js
D:\Source\LearnDemo\MQTTApp\MQTTApp\MQTTAppWeb\wwwroot\scripts\xterm\out\browser\ColorContrastCache.js.map
D:\Source\LearnDemo\MQTTApp\MQTTApp\MQTTAppWeb\wwwroot\scripts\xterm\out\browser\ColorContrastCache.d.ts
D:\Source\LearnDemo\MQTTApp\MQTTApp\MQTTAppWeb\wwwroot\scripts\xterm\out\browser\ColorContrastCache.d.ts.map
D:\Source\LearnDemo\MQTTApp\MQTTApp\MQTTAppWeb\wwwroot\scripts\xterm\out\browser\ColorManager.js
D:\Source\LearnDemo\MQTTApp\MQTTApp\MQTTAppWeb\wwwroot\scripts\xterm\out\browser\ColorManager.js.map
D:\Source\LearnDemo\MQTTApp\MQTTApp\MQTTAppWeb\wwwroot\scripts\xterm\out\browser\ColorManager.d.ts
D:\Source\LearnDemo\MQTTApp\MQTTApp\MQTTAppWeb\wwwroot\scripts\xterm\out\browser\ColorManager.d.ts.map
D:\Source\LearnDemo\MQTTApp\MQTTApp\MQTTAppWeb\wwwroot\scripts\xterm\out\browser\Linkifier.js
D:\Source\LearnDemo\MQTTApp\MQTTApp\MQTTAppWeb\wwwroot\scripts\xterm\out\browser\Linkifier.js.map
D:\Source\LearnDemo\MQTTApp\MQTTApp\MQTTAppWeb\wwwroot\scripts\xterm\out\browser\Linkifier.d.ts
D:\Source\LearnDemo\MQTTApp\MQTTApp\MQTTAppWeb\wwwroot\scripts\xterm\out\browser\Linkifier.d.ts.map
D:\Source\LearnDemo\MQTTApp\MQTTApp\MQTTAppWeb\wwwroot\scripts\xterm\out\browser\Linkifier2.js
D:\Source\LearnDemo\MQTTApp\MQTTApp\MQTTAppWeb\wwwroot\scripts\xterm\out\browser\Linkifier2.js.map
D:\Source\LearnDemo\MQTTApp\MQTTApp\MQTTAppWeb\wwwroot\scripts\xterm\out\browser\Linkifier2.d.ts
D:\Source\LearnDemo\MQTTApp\MQTTApp\MQTTAppWeb\wwwroot\scripts\xterm\out\browser\Linkifier2.d.ts.map
D:\Source\LearnDemo\MQTTApp\MQTTApp\MQTTAppWeb\wwwroot\scripts\xterm\out\browser\MouseZoneManager.js
D:\Source\LearnDemo\MQTTApp\MQTTApp\MQTTAppWeb\wwwroot\scripts\xterm\out\browser\MouseZoneManager.js.map
D:\Source\LearnDemo\MQTTApp\MQTTApp\MQTTAppWeb\wwwroot\scripts\xterm\out\browser\MouseZoneManager.d.ts
D:\Source\LearnDemo\MQTTApp\MQTTApp\MQTTAppWeb\wwwroot\scripts\xterm\out\browser\MouseZoneManager.d.ts.map
D:\Source\LearnDemo\MQTTApp\MQTTApp\MQTTAppWeb\wwwroot\scripts\xterm\out\browser\input\CompositionHelper.js
D:\Source\LearnDemo\MQTTApp\MQTTApp\MQTTAppWeb\wwwroot\scripts\xterm\out\browser\input\CompositionHelper.js.map
D:\Source\LearnDemo\MQTTApp\MQTTApp\MQTTAppWeb\wwwroot\scripts\xterm\out\browser\input\CompositionHelper.d.ts
D:\Source\LearnDemo\MQTTApp\MQTTApp\MQTTAppWeb\wwwroot\scripts\xterm\out\browser\input\CompositionHelper.d.ts.map
D:\Source\LearnDemo\MQTTApp\MQTTApp\MQTTAppWeb\wwwroot\scripts\xterm\out\browser\Viewport.js
D:\Source\LearnDemo\MQTTApp\MQTTApp\MQTTAppWeb\wwwroot\scripts\xterm\out\browser\Viewport.js.map
D:\Source\LearnDemo\MQTTApp\MQTTApp\MQTTAppWeb\wwwroot\scripts\xterm\out\browser\Viewport.d.ts
D:\Source\LearnDemo\MQTTApp\MQTTApp\MQTTAppWeb\wwwroot\scripts\xterm\out\browser\Viewport.d.ts.map
D:\Source\LearnDemo\MQTTApp\MQTTApp\MQTTAppWeb\wwwroot\scripts\xterm\out\browser\renderer\GridCache.js
D:\Source\LearnDemo\MQTTApp\MQTTApp\MQTTAppWeb\wwwroot\scripts\xterm\out\browser\renderer\GridCache.js.map
D:\Source\LearnDemo\MQTTApp\MQTTApp\MQTTAppWeb\wwwroot\scripts\xterm\out\browser\renderer\GridCache.d.ts
D:\Source\LearnDemo\MQTTApp\MQTTApp\MQTTAppWeb\wwwroot\scripts\xterm\out\browser\renderer\GridCache.d.ts.map
D:\Source\LearnDemo\MQTTApp\MQTTApp\MQTTAppWeb\wwwroot\scripts\xterm\out\browser\renderer\atlas\Constants.js
D:\Source\LearnDemo\MQTTApp\MQTTApp\MQTTAppWeb\wwwroot\scripts\xterm\out\browser\renderer\atlas\Constants.js.map
D:\Source\LearnDemo\MQTTApp\MQTTApp\MQTTAppWeb\wwwroot\scripts\xterm\out\browser\renderer\atlas\Constants.d.ts
D:\Source\LearnDemo\MQTTApp\MQTTApp\MQTTAppWeb\wwwroot\scripts\xterm\out\browser\renderer\atlas\Constants.d.ts.map
D:\Source\LearnDemo\MQTTApp\MQTTApp\MQTTAppWeb\wwwroot\scripts\xterm\out\browser\renderer\atlas\BaseCharAtlas.js
D:\Source\LearnDemo\MQTTApp\MQTTApp\MQTTAppWeb\wwwroot\scripts\xterm\out\browser\renderer\atlas\BaseCharAtlas.js.map
D:\Source\LearnDemo\MQTTApp\MQTTApp\MQTTAppWeb\wwwroot\scripts\xterm\out\browser\renderer\atlas\BaseCharAtlas.d.ts
D:\Source\LearnDemo\MQTTApp\MQTTApp\MQTTAppWeb\wwwroot\scripts\xterm\out\browser\renderer\atlas\BaseCharAtlas.d.ts.map
D:\Source\LearnDemo\MQTTApp\MQTTApp\MQTTAppWeb\wwwroot\scripts\xterm\out\browser\renderer\atlas\CharAtlasUtils.js
D:\Source\LearnDemo\MQTTApp\MQTTApp\MQTTAppWeb\wwwroot\scripts\xterm\out\browser\renderer\atlas\CharAtlasUtils.js.map
D:\Source\LearnDemo\MQTTApp\MQTTApp\MQTTAppWeb\wwwroot\scripts\xterm\out\browser\renderer\atlas\CharAtlasUtils.d.ts
D:\Source\LearnDemo\MQTTApp\MQTTApp\MQTTAppWeb\wwwroot\scripts\xterm\out\browser\renderer\atlas\CharAtlasUtils.d.ts.map
D:\Source\LearnDemo\MQTTApp\MQTTApp\MQTTAppWeb\wwwroot\scripts\xterm\out\browser\renderer\atlas\LRUMap.js
D:\Source\LearnDemo\MQTTApp\MQTTApp\MQTTAppWeb\wwwroot\scripts\xterm\out\browser\renderer\atlas\LRUMap.js.map
D:\Source\LearnDemo\MQTTApp\MQTTApp\MQTTAppWeb\wwwroot\scripts\xterm\out\browser\renderer\atlas\LRUMap.d.ts
D:\Source\LearnDemo\MQTTApp\MQTTApp\MQTTAppWeb\wwwroot\scripts\xterm\out\browser\renderer\atlas\LRUMap.d.ts.map
D:\Source\LearnDemo\MQTTApp\MQTTApp\MQTTAppWeb\wwwroot\scripts\xterm\out\browser\renderer\RendererUtils.js
D:\Source\LearnDemo\MQTTApp\MQTTApp\MQTTAppWeb\wwwroot\scripts\xterm\out\browser\renderer\RendererUtils.js.map
D:\Source\LearnDemo\MQTTApp\MQTTApp\MQTTAppWeb\wwwroot\scripts\xterm\out\browser\renderer\RendererUtils.d.ts
D:\Source\LearnDemo\MQTTApp\MQTTApp\MQTTAppWeb\wwwroot\scripts\xterm\out\browser\renderer\RendererUtils.d.ts.map
D:\Source\LearnDemo\MQTTApp\MQTTApp\MQTTAppWeb\wwwroot\scripts\xterm\out\browser\renderer\atlas\DynamicCharAtlas.js
D:\Source\LearnDemo\MQTTApp\MQTTApp\MQTTAppWeb\wwwroot\scripts\xterm\out\browser\renderer\atlas\DynamicCharAtlas.js.map
D:\Source\LearnDemo\MQTTApp\MQTTApp\MQTTAppWeb\wwwroot\scripts\xterm\out\browser\renderer\atlas\DynamicCharAtlas.d.ts
D:\Source\LearnDemo\MQTTApp\MQTTApp\MQTTAppWeb\wwwroot\scripts\xterm\out\browser\renderer\atlas\DynamicCharAtlas.d.ts.map
D:\Source\LearnDemo\MQTTApp\MQTTApp\MQTTAppWeb\wwwroot\scripts\xterm\out\browser\renderer\atlas\CharAtlasCache.js
D:\Source\LearnDemo\MQTTApp\MQTTApp\MQTTAppWeb\wwwroot\scripts\xterm\out\browser\renderer\atlas\CharAtlasCache.js.map
D:\Source\LearnDemo\MQTTApp\MQTTApp\MQTTAppWeb\wwwroot\scripts\xterm\out\browser\renderer\atlas\CharAtlasCache.d.ts
D:\Source\LearnDemo\MQTTApp\MQTTApp\MQTTAppWeb\wwwroot\scripts\xterm\out\browser\renderer\atlas\CharAtlasCache.d.ts.map
D:\Source\LearnDemo\MQTTApp\MQTTApp\MQTTAppWeb\wwwroot\scripts\xterm\out\browser\renderer\BaseRenderLayer.js
D:\Source\LearnDemo\MQTTApp\MQTTApp\MQTTAppWeb\wwwroot\scripts\xterm\out\browser\renderer\BaseRenderLayer.js.map
D:\Source\LearnDemo\MQTTApp\MQTTApp\MQTTAppWeb\wwwroot\scripts\xterm\out\browser\renderer\BaseRenderLayer.d.ts
D:\Source\LearnDemo\MQTTApp\MQTTApp\MQTTAppWeb\wwwroot\scripts\xterm\out\browser\renderer\BaseRenderLayer.d.ts.map
D:\Source\LearnDemo\MQTTApp\MQTTApp\MQTTAppWeb\wwwroot\scripts\xterm\out\browser\services\CharacterJoinerService.js
D:\Source\LearnDemo\MQTTApp\MQTTApp\MQTTAppWeb\wwwroot\scripts\xterm\out\browser\services\CharacterJoinerService.js.map
D:\Source\LearnDemo\MQTTApp\MQTTApp\MQTTAppWeb\wwwroot\scripts\xterm\out\browser\services\CharacterJoinerService.d.ts
D:\Source\LearnDemo\MQTTApp\MQTTApp\MQTTAppWeb\wwwroot\scripts\xterm\out\browser\services\CharacterJoinerService.d.ts.map
D:\Source\LearnDemo\MQTTApp\MQTTApp\MQTTAppWeb\wwwroot\scripts\xterm\out\browser\renderer\TextRenderLayer.js
D:\Source\LearnDemo\MQTTApp\MQTTApp\MQTTAppWeb\wwwroot\scripts\xterm\out\browser\renderer\TextRenderLayer.js.map
D:\Source\LearnDemo\MQTTApp\MQTTApp\MQTTAppWeb\wwwroot\scripts\xterm\out\browser\renderer\TextRenderLayer.d.ts
D:\Source\LearnDemo\MQTTApp\MQTTApp\MQTTAppWeb\wwwroot\scripts\xterm\out\browser\renderer\TextRenderLayer.d.ts.map
D:\Source\LearnDemo\MQTTApp\MQTTApp\MQTTAppWeb\wwwroot\scripts\xterm\out\browser\renderer\SelectionRenderLayer.js
D:\Source\LearnDemo\MQTTApp\MQTTApp\MQTTAppWeb\wwwroot\scripts\xterm\out\browser\renderer\SelectionRenderLayer.js.map
D:\Source\LearnDemo\MQTTApp\MQTTApp\MQTTAppWeb\wwwroot\scripts\xterm\out\browser\renderer\SelectionRenderLayer.d.ts
D:\Source\LearnDemo\MQTTApp\MQTTApp\MQTTAppWeb\wwwroot\scripts\xterm\out\browser\renderer\SelectionRenderLayer.d.ts.map
D:\Source\LearnDemo\MQTTApp\MQTTApp\MQTTAppWeb\wwwroot\scripts\xterm\out\browser\renderer\CursorRenderLayer.js
D:\Source\LearnDemo\MQTTApp\MQTTApp\MQTTAppWeb\wwwroot\scripts\xterm\out\browser\renderer\CursorRenderLayer.js.map
D:\Source\LearnDemo\MQTTApp\MQTTApp\MQTTAppWeb\wwwroot\scripts\xterm\out\browser\renderer\CursorRenderLayer.d.ts
D:\Source\LearnDemo\MQTTApp\MQTTApp\MQTTAppWeb\wwwroot\scripts\xterm\out\browser\renderer\CursorRenderLayer.d.ts.map
D:\Source\LearnDemo\MQTTApp\MQTTApp\MQTTAppWeb\wwwroot\scripts\xterm\out\browser\renderer\LinkRenderLayer.js
D:\Source\LearnDemo\MQTTApp\MQTTApp\MQTTAppWeb\wwwroot\scripts\xterm\out\browser\renderer\LinkRenderLayer.js.map
D:\Source\LearnDemo\MQTTApp\MQTTApp\MQTTAppWeb\wwwroot\scripts\xterm\out\browser\renderer\LinkRenderLayer.d.ts
D:\Source\LearnDemo\MQTTApp\MQTTApp\MQTTAppWeb\wwwroot\scripts\xterm\out\browser\renderer\LinkRenderLayer.d.ts.map
D:\Source\LearnDemo\MQTTApp\MQTTApp\MQTTAppWeb\wwwroot\scripts\xterm\out\browser\renderer\Renderer.js
D:\Source\LearnDemo\MQTTApp\MQTTApp\MQTTAppWeb\wwwroot\scripts\xterm\out\browser\renderer\Renderer.js.map
D:\Source\LearnDemo\MQTTApp\MQTTApp\MQTTAppWeb\wwwroot\scripts\xterm\out\browser\renderer\Renderer.d.ts
D:\Source\LearnDemo\MQTTApp\MQTTApp\MQTTAppWeb\wwwroot\scripts\xterm\out\browser\renderer\Renderer.d.ts.map
D:\Source\LearnDemo\MQTTApp\MQTTApp\MQTTAppWeb\wwwroot\scripts\xterm\out\browser\selection\SelectionModel.js
D:\Source\LearnDemo\MQTTApp\MQTTApp\MQTTAppWeb\wwwroot\scripts\xterm\out\browser\selection\SelectionModel.js.map
D:\Source\LearnDemo\MQTTApp\MQTTApp\MQTTAppWeb\wwwroot\scripts\xterm\out\browser\selection\SelectionModel.d.ts
D:\Source\LearnDemo\MQTTApp\MQTTApp\MQTTAppWeb\wwwroot\scripts\xterm\out\browser\selection\SelectionModel.d.ts.map
D:\Source\LearnDemo\MQTTApp\MQTTApp\MQTTAppWeb\wwwroot\scripts\xterm\out\browser\input\Mouse.js
D:\Source\LearnDemo\MQTTApp\MQTTApp\MQTTAppWeb\wwwroot\scripts\xterm\out\browser\input\Mouse.js.map
D:\Source\LearnDemo\MQTTApp\MQTTApp\MQTTAppWeb\wwwroot\scripts\xterm\out\browser\input\Mouse.d.ts
D:\Source\LearnDemo\MQTTApp\MQTTApp\MQTTAppWeb\wwwroot\scripts\xterm\out\browser\input\Mouse.d.ts.map
D:\Source\LearnDemo\MQTTApp\MQTTApp\MQTTAppWeb\wwwroot\scripts\xterm\out\browser\input\MoveToCell.js
D:\Source\LearnDemo\MQTTApp\MQTTApp\MQTTAppWeb\wwwroot\scripts\xterm\out\browser\input\MoveToCell.js.map
D:\Source\LearnDemo\MQTTApp\MQTTApp\MQTTAppWeb\wwwroot\scripts\xterm\out\browser\input\MoveToCell.d.ts
D:\Source\LearnDemo\MQTTApp\MQTTApp\MQTTAppWeb\wwwroot\scripts\xterm\out\browser\input\MoveToCell.d.ts.map
D:\Source\LearnDemo\MQTTApp\MQTTApp\MQTTAppWeb\wwwroot\scripts\xterm\out\browser\services\SelectionService.js
D:\Source\LearnDemo\MQTTApp\MQTTApp\MQTTAppWeb\wwwroot\scripts\xterm\out\browser\services\SelectionService.js.map
D:\Source\LearnDemo\MQTTApp\MQTTApp\MQTTAppWeb\wwwroot\scripts\xterm\out\browser\services\SelectionService.d.ts
D:\Source\LearnDemo\MQTTApp\MQTTApp\MQTTAppWeb\wwwroot\scripts\xterm\out\browser\services\SelectionService.d.ts.map
D:\Source\LearnDemo\MQTTApp\MQTTApp\MQTTAppWeb\wwwroot\scripts\xterm\out\browser\services\SoundService.js
D:\Source\LearnDemo\MQTTApp\MQTTApp\MQTTAppWeb\wwwroot\scripts\xterm\out\browser\services\SoundService.js.map
D:\Source\LearnDemo\MQTTApp\MQTTApp\MQTTAppWeb\wwwroot\scripts\xterm\out\browser\services\SoundService.d.ts
D:\Source\LearnDemo\MQTTApp\MQTTApp\MQTTAppWeb\wwwroot\scripts\xterm\out\browser\services\SoundService.d.ts.map
D:\Source\LearnDemo\MQTTApp\MQTTApp\MQTTAppWeb\wwwroot\scripts\xterm\out\browser\renderer\dom\DomRendererRowFactory.js
D:\Source\LearnDemo\MQTTApp\MQTTApp\MQTTAppWeb\wwwroot\scripts\xterm\out\browser\renderer\dom\DomRendererRowFactory.js.map
D:\Source\LearnDemo\MQTTApp\MQTTApp\MQTTAppWeb\wwwroot\scripts\xterm\out\browser\renderer\dom\DomRendererRowFactory.d.ts
D:\Source\LearnDemo\MQTTApp\MQTTApp\MQTTAppWeb\wwwroot\scripts\xterm\out\browser\renderer\dom\DomRendererRowFactory.d.ts.map
D:\Source\LearnDemo\MQTTApp\MQTTApp\MQTTAppWeb\wwwroot\scripts\xterm\out\browser\renderer\dom\DomRenderer.js
D:\Source\LearnDemo\MQTTApp\MQTTApp\MQTTAppWeb\wwwroot\scripts\xterm\out\browser\renderer\dom\DomRenderer.js.map
D:\Source\LearnDemo\MQTTApp\MQTTApp\MQTTAppWeb\wwwroot\scripts\xterm\out\browser\renderer\dom\DomRenderer.d.ts
D:\Source\LearnDemo\MQTTApp\MQTTApp\MQTTAppWeb\wwwroot\scripts\xterm\out\browser\renderer\dom\DomRenderer.d.ts.map
D:\Source\LearnDemo\MQTTApp\MQTTApp\MQTTAppWeb\wwwroot\scripts\xterm\out\browser\services\RenderService.js
D:\Source\LearnDemo\MQTTApp\MQTTApp\MQTTAppWeb\wwwroot\scripts\xterm\out\browser\services\RenderService.js.map
D:\Source\LearnDemo\MQTTApp\MQTTApp\MQTTAppWeb\wwwroot\scripts\xterm\out\browser\services\RenderService.d.ts
D:\Source\LearnDemo\MQTTApp\MQTTApp\MQTTAppWeb\wwwroot\scripts\xterm\out\browser\services\RenderService.d.ts.map
D:\Source\LearnDemo\MQTTApp\MQTTApp\MQTTAppWeb\wwwroot\scripts\xterm\out\browser\services\CharSizeService.js
D:\Source\LearnDemo\MQTTApp\MQTTApp\MQTTAppWeb\wwwroot\scripts\xterm\out\browser\services\CharSizeService.js.map
D:\Source\LearnDemo\MQTTApp\MQTTApp\MQTTAppWeb\wwwroot\scripts\xterm\out\browser\services\CharSizeService.d.ts
D:\Source\LearnDemo\MQTTApp\MQTTApp\MQTTAppWeb\wwwroot\scripts\xterm\out\browser\services\CharSizeService.d.ts.map
D:\Source\LearnDemo\MQTTApp\MQTTApp\MQTTAppWeb\wwwroot\scripts\xterm\out\browser\services\MouseService.js
D:\Source\LearnDemo\MQTTApp\MQTTApp\MQTTAppWeb\wwwroot\scripts\xterm\out\browser\services\MouseService.js.map
D:\Source\LearnDemo\MQTTApp\MQTTApp\MQTTAppWeb\wwwroot\scripts\xterm\out\browser\services\MouseService.d.ts
D:\Source\LearnDemo\MQTTApp\MQTTApp\MQTTAppWeb\wwwroot\scripts\xterm\out\browser\services\MouseService.d.ts.map
D:\Source\LearnDemo\MQTTApp\MQTTApp\MQTTAppWeb\wwwroot\scripts\xterm\out\browser\services\CoreBrowserService.js
D:\Source\LearnDemo\MQTTApp\MQTTApp\MQTTAppWeb\wwwroot\scripts\xterm\out\browser\services\CoreBrowserService.js.map
D:\Source\LearnDemo\MQTTApp\MQTTApp\MQTTAppWeb\wwwroot\scripts\xterm\out\browser\services\CoreBrowserService.d.ts
D:\Source\LearnDemo\MQTTApp\MQTTApp\MQTTAppWeb\wwwroot\scripts\xterm\out\browser\services\CoreBrowserService.d.ts.map
D:\Source\LearnDemo\MQTTApp\MQTTApp\MQTTAppWeb\wwwroot\scripts\xterm\out\browser\Terminal.js
D:\Source\LearnDemo\MQTTApp\MQTTApp\MQTTAppWeb\wwwroot\scripts\xterm\out\browser\Terminal.js.map
D:\Source\LearnDemo\MQTTApp\MQTTApp\MQTTAppWeb\wwwroot\scripts\xterm\out\browser\Terminal.d.ts
D:\Source\LearnDemo\MQTTApp\MQTTApp\MQTTAppWeb\wwwroot\scripts\xterm\out\browser\Terminal.d.ts.map
D:\Source\LearnDemo\MQTTApp\MQTTApp\MQTTAppWeb\wwwroot\scripts\xterm\out\browser\public\AddonManager.js
D:\Source\LearnDemo\MQTTApp\MQTTApp\MQTTAppWeb\wwwroot\scripts\xterm\out\browser\public\AddonManager.js.map
D:\Source\LearnDemo\MQTTApp\MQTTApp\MQTTAppWeb\wwwroot\scripts\xterm\out\browser\public\AddonManager.d.ts
D:\Source\LearnDemo\MQTTApp\MQTTApp\MQTTAppWeb\wwwroot\scripts\xterm\out\browser\public\AddonManager.d.ts.map
D:\Source\LearnDemo\MQTTApp\MQTTApp\MQTTAppWeb\wwwroot\scripts\xterm\out\browser\public\Terminal.js
D:\Source\LearnDemo\MQTTApp\MQTTApp\MQTTAppWeb\wwwroot\scripts\xterm\out\browser\public\Terminal.js.map
D:\Source\LearnDemo\MQTTApp\MQTTApp\MQTTAppWeb\wwwroot\scripts\xterm\out\browser\public\Terminal.d.ts
D:\Source\LearnDemo\MQTTApp\MQTTApp\MQTTAppWeb\wwwroot\scripts\xterm\out\browser\public\Terminal.d.ts.map
D:\Source\LearnDemo\MQTTApp\MQTTApp\MQTTAppWeb\wwwroot\scripts\xterm\out\browser\tsconfig.tsbuildinfo
